2026-03-31 13:59:44:5944 [35mhttp[39m: [35mGET /api/auth/me 500 1213 - 15.145 ms[39m
2026-03-31 13:59:55:5955 [35mhttp[39m: [35mPOST /api/auth/admin/login 500 1213 - 23.685 ms[39m
2026-03-31 14:00:11:011 [35mhttp[39m: [35mPOST /api/auth/admin/login 500 1213 - 2.741 ms[39m
2026-03-31 14:00:39:039 [35mhttp[39m: [35mPOST /api/auth/admin/login 500 1213 - 16.096 ms[39m
2026-03-31 14:02:45:245 [35mhttp[39m: [35mPOST /api/auth/admin/login 500 1247 - 46.972 ms[39m
2026-03-31 14:03:13:313 [35mhttp[39m: [35mPOST /api/auth/admin/login 500 1247 - 2.120 ms[39m
2026-03-31 14:03:59:359 [35mhttp[39m: [35mPOST /api/auth/admin/login 400 - - 22.314 ms[39m
2026-03-31 14:04:03:43 [35mhttp[39m: [35mPOST /api/auth/admin/login 401 352 - 71.835 ms[39m
2026-03-31 14:04:29:429 [35mhttp[39m: [35mGET /api/leads 200 3602 - 47.567 ms[39m
2026-03-31 14:04:38:438 [35mhttp[39m: [35mPOST /api/leads 400 1143 - 9.858 ms[39m
2026-03-31 14:04:48:448 [35mhttp[39m: [35mGET /api/properties 200 4253 - 37.117 ms[39m
2026-03-31 14:05:04:54 [35mhttp[39m: [35mPOST /api/auth/admin/register 400 - - 2.232 ms[39m
2026-03-31 14:05:10:510 [35mhttp[39m: [35mPOST /api/auth/agent/login 401 352 - 65.341 ms[39m
2026-03-31 14:05:18:518 [35mhttp[39m: [35mPOST /api/auth/admin/register 400 - - 1.656 ms[39m
2026-03-31 14:06:16:616 [35mhttp[39m: [35mPOST /api/auth/admin/login 400 - - 29.827 ms[39m
2026-03-31 14:06:41:641 [35mhttp[39m: [35mPOST /api/auth/admin/login 400 - - 1.700 ms[39m
2026-03-31 14:09:30:930 [35mhttp[39m: [35mPOST /api/auth/admin/register 400 442 - 1816.725 ms[39m
2026-03-31 14:11:11:1111 [35mhttp[39m: [35mPOST /api/auth/admin/register 400 478 - 1671.902 ms[39m
2026-03-31 14:11:53:1153 [35mhttp[39m: [35mPOST /api/auth/admin/register 201 463 - 1937.910 ms[39m
2026-03-31 14:11:53:1153 [35mhttp[39m: [35mGET /api/notifications?limit=50 200 115 - 50.830 ms[39m
2026-03-31 14:11:56:1156 [35mhttp[39m: [35mGET /api/dashboard/activity?limit=5 200 26 - 41.694 ms[39m
2026-03-31 14:11:56:1156 [35mhttp[39m: [35mGET /api/followups?bucket=today&limit=5 304 - - 53.698 ms[39m
2026-03-31 14:11:56:1156 [35mhttp[39m: [35mGET /api/dashboard/agent-summary 200 397 - 131.834 ms[39m
2026-03-31 14:12:01:121 [35mhttp[39m: [35mPOST /api/auth/logout 200 52 - 63.685 ms[39m
2026-03-31 14:12:01:121 [35mhttp[39m: [35mGET /api/auth/me 401 - - 3.655 ms[39m
2026-03-31 14:12:14:1214 [35mhttp[39m: [35mPOST /api/auth/admin/login 400 - - 30.850 ms[39m
2026-03-31 14:12:19:1219 [35mhttp[39m: [35mPOST /api/auth/admin/login 400 - - 1.775 ms[39m
2026-03-31 14:20:40:2040 [35mhttp[39m: [35mPOST /api/auth/admin/login 401 352 - 97.521 ms[39m
2026-03-31 14:20:53:2053 [35mhttp[39m: [35mPOST /api/auth/admin/login 401 352 - 99.181 ms[39m
2026-03-31 14:20:56:2056 [35mhttp[39m: [35mPOST /api/auth/admin/login 200 493 - 87.565 ms[39m
2026-03-31 14:20:56:2056 [35mhttp[39m: [35mGET /api/notifications?limit=50 200 - - 50.048 ms[39m
2026-03-31 14:20:56:2056 [35mhttp[39m: [35mGET /api/dashboard/activity?limit=5 200 438 - 143.286 ms[39m
2026-03-31 14:20:56:2056 [35mhttp[39m: [35mGET /api/followups?bucket=today&limit=5 304 - - 125.669 ms[39m
2026-03-31 14:20:56:2056 [35mhttp[39m: [35mGET /api/dashboard/agent-summary 200 477 - 222.315 ms[39m
2026-03-31 14:29:54:2954 [35mhttp[39m: [35mGET /api/followups?bucket=today&limit=5 304 - - 80.400 ms[39m
2026-03-31 14:29:54:2954 [35mhttp[39m: [35mGET /api/dashboard/activity?limit=5 304 - - 103.334 ms[39m
2026-03-31 14:29:54:2954 [35mhttp[39m: [35mGET /api/dashboard/agent-summary 304 - - 149.906 ms[39m
2026-03-31 14:33:04:334 [35mhttp[39m: [35mGET /api/dashboard/activity?limit=5 304 - - 75.674 ms[39m
2026-03-31 14:33:04:334 [35mhttp[39m: [35mGET /api/followups?bucket=today&limit=5 304 - - 80.062 ms[39m
2026-03-31 14:33:04:334 [35mhttp[39m: [35mGET /api/dashboard/agent-summary 304 - - 146.356 ms[39m
2026-03-31 14:33:09:339 [35mhttp[39m: [35mGET /api/properties?page=1&limit=10 304 - - 65.327 ms[39m
2026-03-31 14:33:12:3312 [35mhttp[39m: [35mGET /api/admin/agents 304 - - 24.008 ms[39m
2026-03-31 14:34:12:3412 [35mhttp[39m: [35mPATCH /api/properties/69ca809310cc8dd1b5cf45d5 413 1194 - 48.594 ms[39m
2026-03-31 14:34:28:3428 [35mhttp[39m: [35mPATCH /api/properties/69ca809310cc8dd1b5cf45d5 400 - - 132.936 ms[39m
2026-03-31 14:35:51:3551 [35mhttp[39m: [35mPATCH /api/properties/69ca809310cc8dd1b5cf45d5 200 - - 244.111 ms[39m
2026-03-31 14:35:51:3551 [35mhttp[39m: [35mGET /api/auth/me 200 464 - 15.308 ms[39m
2026-03-31 14:35:52:3552 [35mhttp[39m: [35mGET /api/notifications?limit=50 304 - - 484.175 ms[39m
2026-03-31 14:35:52:3552 [35mhttp[39m: [35mGET /api/admin/agents 200 - - 466.966 ms[39m
2026-03-31 14:35:52:3552 [35mhttp[39m: [35mGET /api/properties?page=1&limit=10 200 - - 477.364 ms[39m
2026-03-31 14:35:52:3552 [35mhttp[39m: [35mGET /api/auth/me 304 - - 472.496 ms[39m
2026-03-31 14:35:52:3552 [35mhttp[39m: [35mGET /api/notifications?limit=50 304 - - 29.965 ms[39m
2026-03-31 14:35:52:3552 [35mhttp[39m: [35mGET /api/admin/agents 304 - - 53.697 ms[39m
2026-03-31 14:35:52:3552 [35mhttp[39m: [35mGET /api/properties?page=1&limit=10 304 - - 54.678 ms[39m
2026-03-31 14:37:08:378 [35mhttp[39m: [35mPOST /api/properties 400 - - 149.280 ms[39m
2026-03-31 14:37:28:3728 [35mhttp[39m: [35mPOST /api/properties 201 - - 261.061 ms[39m
2026-03-31 14:37:28:3728 [35mhttp[39m: [35mGET /api/auth/me 304 - - 162.246 ms[39m
2026-03-31 14:37:28:3728 [35mhttp[39m: [35mGET /api/notifications?limit=50 304 - - 41.374 ms[39m
2026-03-31 14:37:28:3728 [35mhttp[39m: [35mGET /api/properties?page=1&limit=10 200 - - 76.133 ms[39m
2026-03-31 14:37:28:3728 [35mhttp[39m: [35mGET /api/admin/agents 200 - - 58.294 ms[39m
2026-03-31 14:37:32:3732 [35mhttp[39m: [35mPATCH /api/properties/69cb8ed0ef503a7d48f476e4/status 200 - - 42.503 ms[39m
2026-03-31 14:37:32:3732 [35mhttp[39m: [35mGET /api/auth/me 304 - - 12.158 ms[39m
2026-03-31 14:37:32:3732 [35mhttp[39m: [35mGET /api/notifications?limit=50 304 - - 20.089 ms[39m
2026-03-31 14:37:32:3732 [35mhttp[39m: [35mGET /api/properties?page=1&limit=10 200 - - 37.184 ms[39m
2026-03-31 14:37:33:3733 [35mhttp[39m: [35mPATCH /api/properties/69cb8ed0ef503a7d48f476e4/status 200 - - 45.847 ms[39m
2026-03-31 14:37:33:3733 [35mhttp[39m: [35mGET /api/auth/me 304 - - 11.900 ms[39m
2026-03-31 14:37:33:3733 [35mhttp[39m: [35mGET /api/notifications?limit=50 304 - - 19.780 ms[39m
2026-03-31 14:37:33:3733 [35mhttp[39m: [35mGET /api/properties?page=1&limit=10 200 - - 36.575 ms[39m
2026-03-31 14:37:34:3734 [35mhttp[39m: [35mPATCH /api/properties/69cb8ed0ef503a7d48f476e4/status 200 - - 41.813 ms[39m
2026-03-31 14:37:35:3735 [35mhttp[39m: [35mGET /api/auth/me 304 - - 10.404 ms[39m
2026-03-31 14:37:35:3735 [35mhttp[39m: [35mGET /api/notifications?limit=50 304 - - 27.913 ms[39m
2026-03-31 14:37:35:3735 [35mhttp[39m: [35mGET /api/properties?page=1&limit=10 200 - - 36.862 ms[39m
2026-03-31 14:37:36:3736 [35mhttp[39m: [35mPATCH /api/properties/69cb8ed0ef503a7d48f476e4/status 200 - - 51.884 ms[39m
2026-03-31 14:37:36:3736 [35mhttp[39m: [35mGET /api/auth/me 304 - - 8.549 ms[39m
2026-03-31 14:37:36:3736 [35mhttp[39m: [35mGET /api/notifications?limit=50 304 - - 16.693 ms[39m
2026-03-31 14:37:36:3736 [35mhttp[39m: [35mGET /api/properties?page=1&limit=10 200 - - 33.593 ms[39m
2026-03-31 14:37:38:3738 [35mhttp[39m: [35mPATCH /api/properties/69cb8ed0ef503a7d48f476e4/status 200 - - 45.604 ms[39m
2026-03-31 14:37:38:3738 [35mhttp[39m: [35mGET /api/auth/me 304 - - 9.921 ms[39m
2026-03-31 14:37:38:3738 [35mhttp[39m: [35mGET /api/notifications?limit=50 304 - - 18.807 ms[39m
2026-03-31 14:37:38:3738 [35mhttp[39m: [35mGET /api/properties?page=1&limit=10 200 - - 33.764 ms[39m
2026-03-31 14:38:08:388 [35mhttp[39m: [35mGET /api/leads?page=1&limit=10&search=&status=&priority= 400 - - 31.378 ms[39m
2026-03-31 14:38:08:388 [35mhttp[39m: [35mGET /api/dashboard/agent-summary 200 477 - 144.317 ms[39m
2026-03-31 14:38:12:3812 [35mhttp[39m: [35mGET /api/admin/agents 304 - - 32.081 ms[39m
2026-03-31 14:39:07:397 [35mhttp[39m: [35mPATCH /api/admin/agents/69ca811210cc8dd1b5cf4659 200 818 - 2231.000 ms[39m
2026-03-31 14:39:07:397 [35mhttp[39m: [35mGET /api/auth/me 304 - - 17.173 ms[39m
2026-03-31 14:39:07:397 [35mhttp[39m: [35mGET /api/notifications?limit=50 304 - - 34.008 ms[39m
2026-03-31 14:39:07:397 [35mhttp[39m: [35mGET /api/admin/agents 200 - - 51.161 ms[39m
2026-03-31 14:39:12:3912 [35mhttp[39m: [35mPATCH /api/admin/agents/69ca811210cc8dd1b5cf4659/status 200 827 - 38.387 ms[39m
2026-03-31 14:39:12:3912 [35mhttp[39m: [35mGET /api/auth/me 304 - - 8.728 ms[39m
2026-03-31 14:39:12:3912 [35mhttp[39m: [35mGET /api/notifications?limit=50 304 - - 15.995 ms[39m
2026-03-31 14:39:12:3912 [35mhttp[39m: [35mGET /api/admin/agents 200 - - 27.938 ms[39m
2026-03-31 14:39:13:3913 [35mhttp[39m: [35mPATCH /api/admin/agents/69ca811210cc8dd1b5cf4659/status 200 825 - 35.676 ms[39m
2026-03-31 14:39:13:3913 [35mhttp[39m: [35mGET /api/auth/me 304 - - 10.140 ms[39m
2026-03-31 14:39:13:3913 [35mhttp[39m: [35mGET /api/notifications?limit=50 304 - - 19.370 ms[39m
2026-03-31 14:39:13:3913 [35mhttp[39m: [35mGET /api/admin/agents 200 - - 28.595 ms[39m
2026-03-31 14:39:18:3918 [35mhttp[39m: [35mGET /api/auth/me 200 464 - 8.913 ms[39m
2026-03-31 14:39:18:3918 [35mhttp[39m: [35mGET /api/notifications?limit=50 200 - - 17.150 ms[39m
2026-03-31 14:39:19:3919 [35mhttp[39m: [35mGET /api/followups?bucket=today&limit=5 304 - - 50.584 ms[39m
2026-03-31 14:39:19:3919 [35mhttp[39m: [35mGET /api/dashboard/activity?limit=5 200 439 - 67.099 ms[39m
2026-03-31 14:39:19:3919 [35mhttp[39m: [35mGET /api/dashboard/agent-summary 200 477 - 106.615 ms[39m
2026-03-31 14:39:20:3920 [35mhttp[39m: [35mPOST /api/auth/logout 200 52 - 21.574 ms[39m
2026-03-31 14:39:20:3920 [35mhttp[39m: [35mGET /api/auth/me 401 - - 1.715 ms[39m
2026-03-31 14:39:34:3934 [35mhttp[39m: [35mPOST /api/auth/agent/login 200 533 - 64.558 ms[39m
2026-03-31 14:39:34:3934 [35mhttp[39m: [35mGET /api/notifications?limit=50 200 - - 23.315 ms[39m
2026-03-31 14:39:34:3934 [35mhttp[39m: [35mGET /api/dashboard/activity?limit=5 200 26 - 21.726 ms[39m
2026-03-31 14:39:34:3934 [35mhttp[39m: [35mGET /api/followups?bucket=today&limit=5 304 - - 25.567 ms[39m
2026-03-31 14:39:34:3934 [35mhttp[39m: [35mGET /api/dashboard/agent-summary 200 357 - 106.080 ms[39m
2026-03-31 14:39:40:3940 [35mhttp[39m: [35mPATCH /api/admin/agents/69ca811210cc8dd1b5cf4659/status 200 827 - 53.430 ms[39m
2026-03-31 14:39:40:3940 [35mhttp[39m: [35mGET /api/auth/me 304 - - 10.421 ms[39m
2026-03-31 14:39:40:3940 [35mhttp[39m: [35mGET /api/notifications?limit=50 304 - - 17.638 ms[39m
2026-03-31 14:39:40:3940 [35mhttp[39m: [35mGET /api/admin/agents 200 - - 24.992 ms[39m
2026-03-31 14:39:44:3944 [35mhttp[39m: [35mGET /api/auth/me 401 365 - 12.980 ms[39m
2026-03-31 14:39:47:3947 [35mhttp[39m: [35mPOST /api/auth/agent/login 401 352 - 6.076 ms[39m
2026-03-31 14:39:51:3951 [35mhttp[39m: [35mPATCH /api/admin/agents/69ca811210cc8dd1b5cf4659/status 200 825 - 36.457 ms[39m
2026-03-31 14:39:51:3951 [35mhttp[39m: [35mGET /api/auth/me 304 - - 12.240 ms[39m
2026-03-31 14:39:51:3951 [35mhttp[39m: [35mGET /api/notifications?limit=50 304 - - 20.603 ms[39m
2026-03-31 14:39:51:3951 [35mhttp[39m: [35mGET /api/admin/agents 200 - - 28.675 ms[39m
2026-03-31 14:39:53:3953 [35mhttp[39m: [35mPOST /api/auth/agent/login 200 533 - 62.547 ms[39m
2026-03-31 14:39:53:3953 [35mhttp[39m: [35mGET /api/notifications?limit=50 304 - - 19.183 ms[39m
2026-03-31 14:39:53:3953 [35mhttp[39m: [35mGET /api/dashboard/activity?limit=5 304 - - 14.292 ms[39m
2026-03-31 14:39:53:3953 [35mhttp[39m: [35mGET /api/followups?bucket=today&limit=5 304 - - 16.376 ms[39m
2026-03-31 14:39:53:3953 [35mhttp[39m: [35mGET /api/dashboard/agent-summary 304 - - 89.279 ms[39m
2026-03-31 14:40:01:401 [35mhttp[39m: [35mGET /api/leads?page=1&limit=10&search=&status=&priority= 400 - - 12.576 ms[39m
2026-03-31 14:40:03:403 [35mhttp[39m: [35mGET /api/properties?page=1&limit=10 200 - - 32.917 ms[39m
2026-03-31 14:40:04:404 [35mhttp[39m: [35mGET /api/leads?page=1&limit=10&search=&status=&priority= 400 - - 11.026 ms[39m
2026-03-31 14:40:05:405 [35mhttp[39m: [35mGET /api/properties?limit=10000 200 - - 29.058 ms[39m
2026-03-31 14:40:38:4038 [35mhttp[39m: [35mPOST /api/leads 201 - - 62.063 ms[39m
2026-03-31 14:40:38:4038 [35mhttp[39m: [35mGET /api/notifications?limit=50 304 - - 86.781 ms[39m
2026-03-31 14:40:38:4038 [35mhttp[39m: [35mGET /api/leads?page=1&limit=10&search=&status=&priority= 400 - - 80.092 ms[39m
2026-03-31 14:40:38:4038 [35mhttp[39m: [35mGET /api/auth/me 200 - - 93.534 ms[39m
2026-03-31 14:40:38:4038 [35mhttp[39m: [35mGET /api/properties?limit=10000 304 - - 114.817 ms[39m
2026-03-31 14:40:38:4038 [35mhttp[39m: [35mGET /api/notifications?limit=50 304 - - 33.613 ms[39m
2026-03-31 14:40:38:4038 [35mhttp[39m: [35mGET /api/auth/me 304 - - 47.831 ms[39m
2026-03-31 14:40:38:4038 [35mhttp[39m: [35mGET /api/properties?limit=10000 304 - - 58.019 ms[39m
2026-03-31 14:40:38:4038 [35mhttp[39m: [35mGET /api/dashboard/agent-summary 200 357 - 198.308 ms[39m
2026-03-31 14:40:38:4038 [35mhttp[39m: [35mGET /api/dashboard/agent-summary 304 - - 33.495 ms[39m
2026-03-31 14:40:42:4042 [35mhttp[39m: [35mGET /api/leads?page=1&limit=10&search=&status=&priority= 400 - - 9.719 ms[39m
2026-03-31 14:40:42:4042 [35mhttp[39m: [35mGET /api/leads?page=1&limit=10&search=&status=&priority= 400 - - 9.807 ms[39m
2026-03-31 14:40:54:4054 [35mhttp[39m: [35mGET /api/leads?page=1&limit=10&search=&status=&priority= 400 - - 9.329 ms[39m
2026-03-31 14:42:00:420 [35mhttp[39m: [35mGET /api/leads?page=1&limit=10&search=&status=&priority= 200 - - 66.119 ms[39m
2026-03-31 14:43:00:430 [35mhttp[39m: [35mPATCH /api/notifications/read-all 200 61 - 41.979 ms[39m
2026-03-31 14:43:00:430 [35mhttp[39m: [35mDELETE /api/notifications/clear-all 200 54 - 18.116 ms[39m
2026-03-31 14:43:03:433 [35mhttp[39m: [35mGET /api/dashboard/activity?limit=5 200 878 - 55.179 ms[39m
2026-03-31 14:43:03:433 [35mhttp[39m: [35mGET /api/followups?bucket=today&limit=5 304 - - 37.837 ms[39m
2026-03-31 14:43:05:435 [35mhttp[39m: [35mGET /api/followups?bucket=today&limit=5 304 - - 15.608 ms[39m
2026-03-31 14:43:05:435 [35mhttp[39m: [35mGET /api/dashboard/activity?limit=5 304 - - 21.460 ms[39m
2026-03-31 14:43:05:435 [35mhttp[39m: [35mGET /api/dashboard/agent-summary 200 477 - 2129.656 ms[39m
2026-03-31 14:43:05:435 [35mhttp[39m: [35mGET /api/dashboard/agent-summary 304 - - 83.548 ms[39m
2026-03-31 14:43:09:439 [35mhttp[39m: [35mPATCH /api/leads/69cb8f8e40d362a0ed5f4bd1 200 - - 71.338 ms[39m
2026-03-31 14:43:10:4310 [35mhttp[39m: [35mGET /api/notifications?limit=50 304 - - 97.095 ms[39m
2026-03-31 14:43:10:4310 [35mhttp[39m: [35mGET /api/auth/me 304 - - 106.837 ms[39m
2026-03-31 14:43:10:4310 [35mhttp[39m: [35mGET /api/notifications?limit=50 304 - - 42.188 ms[39m
2026-03-31 14:43:10:4310 [35mhttp[39m: [35mGET /api/leads?page=1&limit=10&search=&status=&priority= 200 - - 152.643 ms[39m
2026-03-31 14:43:10:4310 [35mhttp[39m: [35mGET /api/auth/me 304 - - 63.031 ms[39m
2026-03-31 14:43:10:4310 [35mhttp[39m: [35mGET /api/leads?page=1&limit=10&search=&status=&priority= 304 - - 37.144 ms[39m
2026-03-31 14:43:10:4310 [35mhttp[39m: [35mGET /api/dashboard/agent-summary 304 - - 218.000 ms[39m
2026-03-31 14:43:10:4310 [35mhttp[39m: [35mGET /api/dashboard/agent-summary 304 - - 28.694 ms[39m
2026-03-31 14:43:13:4313 [35mhttp[39m: [35mGET /api/followups?bucket=today&limit=5 304 - - 35.255 ms[39m
2026-03-31 14:43:13:4313 [35mhttp[39m: [35mGET /api/dashboard/activity?limit=5 200 884 - 55.389 ms[39m
2026-03-31 14:43:13:4313 [35mhttp[39m: [35mGET /api/dashboard/agent-summary 304 - - 106.205 ms[39m
2026-03-31 14:43:15:4315 [35mhttp[39m: [35mGET /api/auth/me 304 - - 11.774 ms[39m
2026-03-31 14:43:15:4315 [35mhttp[39m: [35mGET /api/notifications?limit=50 200 551 - 28.607 ms[39m
2026-03-31 14:43:15:4315 [35mhttp[39m: [35mGET /api/followups?bucket=today&limit=5 304 - - 29.013 ms[39m
2026-03-31 14:43:15:4315 [35mhttp[39m: [35mGET /api/dashboard/activity?limit=5 304 - - 48.738 ms[39m
2026-03-31 14:43:15:4315 [35mhttp[39m: [35mGET /api/dashboard/agent-summary 304 - - 99.119 ms[39m
2026-03-31 14:49:29:4929 [35mhttp[39m: [35mPATCH /api/notifications/read-all 200 61 - 39.439 ms[39m
2026-03-31 14:49:31:4931 [35mhttp[39m: [35mDELETE /api/notifications/clear-all 200 54 - 18.258 ms[39m
2026-03-31 14:49:36:4936 [35mhttp[39m: [35mPATCH /api/leads/69cb8f8e40d362a0ed5f4bd1 200 - - 84.946 ms[39m
2026-03-31 14:49:36:4936 [35mhttp[39m: [35mGET /api/notifications?limit=50 304 - - 99.728 ms[39m
2026-03-31 14:49:36:4936 [35mhttp[39m: [35mGET /api/auth/me 304 - - 111.683 ms[39m
2026-03-31 14:49:36:4936 [35mhttp[39m: [35mGET /api/auth/me 304 - - 53.530 ms[39m
2026-03-31 14:49:36:4936 [35mhttp[39m: [35mGET /api/leads?page=1&limit=10&search=&status=&priority= 200 - - 85.027 ms[39m
2026-03-31 14:49:36:4936 [35mhttp[39m: [35mGET /api/leads?page=1&limit=10&search=&status=&priority= 304 - - 60.920 ms[39m
2026-03-31 14:49:36:4936 [35mhttp[39m: [35mGET /api/dashboard/agent-summary 304 - - 229.714 ms[39m
2026-03-31 14:49:36:4936 [35mhttp[39m: [35mGET /api/notifications?limit=50 304 - - 134.953 ms[39m
2026-03-31 14:49:37:4937 [35mhttp[39m: [35mGET /api/dashboard/agent-summary 304 - - 697.487 ms[39m
2026-03-31 14:49:39:4939 [35mhttp[39m: [35mGET /api/auth/me 304 - - 10.276 ms[39m
2026-03-31 14:49:39:4939 [35mhttp[39m: [35mGET /api/notifications?limit=50 200 551 - 33.143 ms[39m
2026-03-31 14:49:40:4940 [35mhttp[39m: [35mGET /api/followups?bucket=today&limit=5 304 - - 39.814 ms[39m
2026-03-31 14:49:40:4940 [35mhttp[39m: [35mGET /api/dashboard/activity?limit=5 200 884 - 48.674 ms[39m
2026-03-31 14:49:40:4940 [35mhttp[39m: [35mGET /api/dashboard/agent-summary 304 - - 99.334 ms[39m
2026-03-31 14:49:44:4944 [35mhttp[39m: [35mGET /api/auth/me 304 - - 14.140 ms[39m
2026-03-31 14:49:44:4944 [35mhttp[39m: [35mGET /api/notifications?limit=50 304 - - 16.310 ms[39m
2026-03-31 14:49:44:4944 [35mhttp[39m: [35mGET /api/dashboard/activity?limit=5 304 - - 45.809 ms[39m
2026-03-31 14:49:44:4944 [35mhttp[39m: [35mGET /api/followups?bucket=today&limit=5 304 - - 41.610 ms[39m
2026-03-31 14:49:44:4944 [35mhttp[39m: [35mGET /api/dashboard/agent-summary 304 - - 98.058 ms[39m
2026-03-31 14:49:48:4948 [35mhttp[39m: [35mGET /api/properties?page=1&limit=10 200 - - 29.059 ms[39m
2026-03-31 14:49:52:4952 [35mhttp[39m: [35mDELETE /api/notifications/clear-all 200 54 - 15.796 ms[39m
2026-03-31 14:50:05:505 [35mhttp[39m: [35mGET /api/admin/report/overview 403 345 - 10.828 ms[39m
2026-03-31 14:50:05:505 [35mhttp[39m: [35mGET /api/admin/report/stats 403 345 - 11.797 ms[39m
2026-03-31 14:50:16:5016 [35mhttp[39m: [35mGET /api/admin/report/overview 200 561 - 36.243 ms[39m
2026-03-31 14:50:16:5016 [35mhttp[39m: [35mGET /api/admin/report/stats 200 246 - 31.994 ms[39m
2026-03-31 14:50:27:5027 [35mhttp[39m: [35mGET /api/followups?bucket=today&limit=5 304 - - 121.647 ms[39m
2026-03-31 14:50:27:5027 [35mhttp[39m: [35mGET /api/dashboard/agent-summary 304 - - 144.640 ms[39m
