2026-04-02 19:48:20:4820 [31m'error'[39m: [31m"Error in createCampaign: Cannot read properties of undefined (reading 'user')"[39m
2026-04-02 19:51:35:5135 [31m'error'[39m: [31m"Error in createCampaign: Cannot read properties of undefined (reading 'user')"[39m
2026-04-02 20:00:54:054 [31merror[39m: [31mBackground WhatsApp init failed for 69ce28deb2dac08708289e74: The browser is already running for C:\Users\ADMIN\Desktop\lead_real\backend\.wwebjs_auth\session-session_69ce28deb2dac08708289e74. Use a different `userDataDir` or stop the running browser first.[39m
2026-04-02 20:00:59:059 [31merror[39m: [31mBackground WhatsApp init failed for 69ce28deb2dac08708289e74: The browser is already running for C:\Users\ADMIN\Desktop\lead_real\backend\.wwebjs_auth\session-session_69ce28deb2dac08708289e74. Use a different `userDataDir` or stop the running browser first.[39m
2026-04-02 20:03:48:348 [31merror[39m: [31mFATAL: Failed to initialize WhatsApp client for 69ce28deb2dac08708289e74: The browser is already running for C:\Users\ADMIN\Desktop\lead_real\backend\.wwebjs_auth\session-session_69ce28deb2dac08708289e74. Use a different `userDataDir` or stop the running browser first.[39m
2026-04-02 20:04:38:438 [31merror[39m: [31mFATAL: Failed to initialize WhatsApp client for 69ce28deb2dac08708289e74: The browser is already running for C:\Users\ADMIN\Desktop\lead_real\backend\.wwebjs_auth\session-session_69ce28deb2dac08708289e74. Use a different `userDataDir` or stop the running browser first.[39m
2026-04-02 20:10:58:1058 [31merror[39m: [31mFailed to remove lock file lockfile: EBUSY: resource busy or locked, unlink 'C:\Users\ADMIN\Desktop\lead_real\backend\.wwebjs_auth\session-session_69ce28deb2dac08708289e74\lockfile'[39m
2026-04-02 20:10:58:1058 [31merror[39m: [31mFATAL: Failed to initialize WhatsApp client for 69ce28deb2dac08708289e74: The browser is already running for C:\Users\ADMIN\Desktop\lead_real\backend\.wwebjs_auth\session-session_69ce28deb2dac08708289e74. Use a different `userDataDir` or stop the running browser first.[39m
2026-04-02 20:11:58:1158 [31merror[39m: [31mInitialization TIMEOUT for user 69ce28deb2dac08708289e74[39m
2026-04-03 13:32:44:3244 [31merror[39m: [31mJob msg_69cf72c1e3963df2adb408ba failed: Operation `campaignmessages.findOne()` buffering timed out after 10000ms[39m
2026-04-03 13:33:38:3338 [31merror[39m: [31mFailed to process message 69cf72c1e3963df2adb408ba: WhatsApp session not found or not connected[39m
2026-04-03 13:33:39:3339 [31merror[39m: [31mJob msg_69cf72c1e3963df2adb408ba failed: WhatsApp session not found or not connected[39m
2026-04-03 13:33:41:3341 [31merror[39m: [31mFailed to process message 69cf72c1e3963df2adb408ba: WhatsApp session not found or not connected[39m
2026-04-03 13:33:42:3342 [31merror[39m: [31mJob msg_69cf72c1e3963df2adb408ba failed: WhatsApp session not found or not connected[39m
2026-04-03 15:32:10:3210 [31merror[39m: [31mFailed to set Redis eviction policy programmatically: ERR Unsupported CONFIG parameter: maxmemory-policy. Please set it manually in your Redis configuration.[39m
2026-04-03 15:32:14:3214 [31merror[39m: [31mFailed to set Redis eviction policy programmatically: ERR Unsupported CONFIG parameter: maxmemory-policy. Please set it manually in your Redis configuration.[39m
2026-04-03 15:32:14:3214 [31merror[39m: [31mFailed to set Redis eviction policy programmatically: ERR Unsupported CONFIG parameter: maxmemory-policy. Please set it manually in your Redis configuration.[39m
2026-04-03 15:32:14:3214 [31merror[39m: [31mFailed to set Redis eviction policy programmatically: ERR Unsupported CONFIG parameter: maxmemory-policy. Please set it manually in your Redis configuration.[39m
2026-04-03 15:32:15:3215 [31merror[39m: [31mFailed to set Redis eviction policy programmatically: ERR Unsupported CONFIG parameter: maxmemory-policy. Please set it manually in your Redis configuration.[39m
2026-04-03 15:34:27:3427 [31merror[39m: [31mFailed to set Redis eviction policy programmatically: ERR Unsupported CONFIG parameter: maxmemory-policy. Please set it manually in your Redis configuration.[39m
2026-04-03 15:34:31:3431 [31merror[39m: [31mFailed to set Redis eviction policy programmatically: ERR Unsupported CONFIG parameter: maxmemory-policy. Please set it manually in your Redis configuration.[39m
2026-04-03 15:34:31:3431 [31merror[39m: [31mFailed to set Redis eviction policy programmatically: ERR Unsupported CONFIG parameter: maxmemory-policy. Please set it manually in your Redis configuration.[39m
2026-04-03 15:34:31:3431 [31merror[39m: [31mFailed to set Redis eviction policy programmatically: ERR Unsupported CONFIG parameter: maxmemory-policy. Please set it manually in your Redis configuration.[39m
2026-04-03 15:34:31:3431 [31merror[39m: [31mFailed to set Redis eviction policy programmatically: ERR Unsupported CONFIG parameter: maxmemory-policy. Please set it manually in your Redis configuration.[39m
2026-04-03 15:35:01:351 [31merror[39m: [31mFailed to set Redis eviction policy programmatically: ERR Unsupported CONFIG parameter: maxmemory-policy. Please set it manually in your Redis configuration.[39m
2026-04-03 15:35:04:354 [31merror[39m: [31mFailed to set Redis eviction policy programmatically: ERR Unsupported CONFIG parameter: maxmemory-policy. Please set it manually in your Redis configuration.[39m
2026-04-03 15:35:04:354 [31merror[39m: [31mFailed to set Redis eviction policy programmatically: ERR Unsupported CONFIG parameter: maxmemory-policy. Please set it manually in your Redis configuration.[39m
2026-04-03 15:35:04:354 [31merror[39m: [31mFailed to set Redis eviction policy programmatically: ERR Unsupported CONFIG parameter: maxmemory-policy. Please set it manually in your Redis configuration.[39m
2026-04-03 15:35:04:354 [31merror[39m: [31mFailed to set Redis eviction policy programmatically: ERR Unsupported CONFIG parameter: maxmemory-policy. Please set it manually in your Redis configuration.[39m
2026-04-03 15:35:33:3533 [31merror[39m: [31mFailed to set Redis eviction policy programmatically: ERR Unsupported CONFIG parameter: maxmemory-policy. Please set it manually in your Redis configuration.[39m
2026-04-03 15:35:37:3537 [31merror[39m: [31mFailed to set Redis eviction policy programmatically: ERR Unsupported CONFIG parameter: maxmemory-policy. Please set it manually in your Redis configuration.[39m
2026-04-03 15:35:37:3537 [31merror[39m: [31mFailed to set Redis eviction policy programmatically: ERR Unsupported CONFIG parameter: maxmemory-policy. Please set it manually in your Redis configuration.[39m
2026-04-03 15:35:38:3538 [31merror[39m: [31mFailed to set Redis eviction policy programmatically: ERR Unsupported CONFIG parameter: maxmemory-policy. Please set it manually in your Redis configuration.[39m
2026-04-03 15:35:38:3538 [31merror[39m: [31mFailed to set Redis eviction policy programmatically: ERR Unsupported CONFIG parameter: maxmemory-policy. Please set it manually in your Redis configuration.[39m
2026-04-03 15:50:24:5024 [31merror[39m: [31mFailed to set Redis eviction policy programmatically: ERR Unsupported CONFIG parameter: maxmemory-policy. Please set it manually in your Redis configuration.[39m
2026-04-03 15:50:27:5027 [31merror[39m: [31mFailed to set Redis eviction policy programmatically: ERR Unsupported CONFIG parameter: maxmemory-policy. Please set it manually in your Redis configuration.[39m
2026-04-03 15:50:27:5027 [31merror[39m: [31mFailed to set Redis eviction policy programmatically: ERR Unsupported CONFIG parameter: maxmemory-policy. Please set it manually in your Redis configuration.[39m
2026-04-03 15:50:27:5027 [31merror[39m: [31mFailed to set Redis eviction policy programmatically: ERR Unsupported CONFIG parameter: maxmemory-policy. Please set it manually in your Redis configuration.[39m
2026-04-03 15:50:28:5028 [31merror[39m: [31mFailed to set Redis eviction policy programmatically: ERR Unsupported CONFIG parameter: maxmemory-policy. Please set it manually in your Redis configuration.[39m
2026-04-03 16:00:27:027 [31merror[39m: [31mFailed to set Redis eviction policy programmatically: ERR Unsupported CONFIG parameter: maxmemory-policy. Please set it manually in your Redis configuration.[39m
2026-04-03 16:00:30:030 [31merror[39m: [31mFailed to set Redis eviction policy programmatically: ERR Unsupported CONFIG parameter: maxmemory-policy. Please set it manually in your Redis configuration.[39m
2026-04-03 16:00:30:030 [31merror[39m: [31mFailed to set Redis eviction policy programmatically: ERR Unsupported CONFIG parameter: maxmemory-policy. Please set it manually in your Redis configuration.[39m
2026-04-03 16:00:30:030 [31merror[39m: [31mFailed to set Redis eviction policy programmatically: ERR Unsupported CONFIG parameter: maxmemory-policy. Please set it manually in your Redis configuration.[39m
2026-04-03 16:00:30:030 [31merror[39m: [31mFailed to set Redis eviction policy programmatically: ERR Unsupported CONFIG parameter: maxmemory-policy. Please set it manually in your Redis configuration.[39m
2026-04-03 16:00:57:057 [31merror[39m: [31mFailed to set Redis eviction policy programmatically: ERR Unsupported CONFIG parameter: maxmemory-policy. Please set it manually in your Redis configuration.[39m
2026-04-03 16:01:00:10 [31merror[39m: [31mFailed to set Redis eviction policy programmatically: ERR Unsupported CONFIG parameter: maxmemory-policy. Please set it manually in your Redis configuration.[39m
2026-04-03 16:01:00:10 [31merror[39m: [31mFailed to set Redis eviction policy programmatically: ERR Unsupported CONFIG parameter: maxmemory-policy. Please set it manually in your Redis configuration.[39m
2026-04-03 16:01:00:10 [31merror[39m: [31mFailed to set Redis eviction policy programmatically: ERR Unsupported CONFIG parameter: maxmemory-policy. Please set it manually in your Redis configuration.[39m
2026-04-03 16:01:01:11 [31merror[39m: [31mFailed to set Redis eviction policy programmatically: ERR Unsupported CONFIG parameter: maxmemory-policy. Please set it manually in your Redis configuration.[39m
